[2024-02-23T09:01:46.113+0000] {taskinstance.py:1083} INFO - Dependencies all met for <TaskInstance: dag_v1.ls scheduled__2024-02-22T09:00:00+00:00 [queued]>
[2024-02-23T09:01:46.117+0000] {taskinstance.py:1083} INFO - Dependencies all met for <TaskInstance: dag_v1.ls scheduled__2024-02-22T09:00:00+00:00 [queued]>
[2024-02-23T09:01:46.118+0000] {taskinstance.py:1279} INFO - 
--------------------------------------------------------------------------------
[2024-02-23T09:01:46.118+0000] {taskinstance.py:1280} INFO - Starting attempt 1 of 2
[2024-02-23T09:01:46.118+0000] {taskinstance.py:1281} INFO - 
--------------------------------------------------------------------------------
[2024-02-23T09:01:46.125+0000] {taskinstance.py:1300} INFO - Executing <Task(BashOperator): ls> on 2024-02-22 09:00:00+00:00
[2024-02-23T09:01:46.128+0000] {standard_task_runner.py:55} INFO - Started process 5820 to run task
[2024-02-23T09:01:46.130+0000] {standard_task_runner.py:82} INFO - Running: ['***', 'tasks', 'run', 'dag_v1', 'ls', 'scheduled__2024-02-22T09:00:00+00:00', '--job-id', '8', '--raw', '--subdir', 'DAGS_FOLDER/TestDAG.py', '--cfg-path', '/tmp/tmp6816q79s']
[2024-02-23T09:01:46.130+0000] {standard_task_runner.py:83} INFO - Job 8: Subtask ls
[2024-02-23T09:01:46.162+0000] {task_command.py:388} INFO - Running <TaskInstance: dag_v1.ls scheduled__2024-02-22T09:00:00+00:00 [running]> on host 38f667ec91c9
[2024-02-23T09:01:46.198+0000] {taskinstance.py:1509} INFO - Exporting the following env vars:
AIRFLOW_CTX_DAG_EMAIL=keeyonghan@hotmail.com
AIRFLOW_CTX_DAG_OWNER=keeyong
AIRFLOW_CTX_DAG_ID=dag_v1
AIRFLOW_CTX_TASK_ID=ls
AIRFLOW_CTX_EXECUTION_DATE=2024-02-22T09:00:00+00:00
AIRFLOW_CTX_TRY_NUMBER=1
AIRFLOW_CTX_DAG_RUN_ID=scheduled__2024-02-22T09:00:00+00:00
[2024-02-23T09:01:46.198+0000] {subprocess.py:63} INFO - Tmp dir root location: 
 /tmp
[2024-02-23T09:01:46.199+0000] {subprocess.py:75} INFO - Running command: ['/bin/bash', '-c', 'ls /tmp']
[2024-02-23T09:01:46.204+0000] {subprocess.py:86} INFO - Output:
[2024-02-23T09:01:46.208+0000] {subprocess.py:93} INFO - ***tmplgdjixmt
[2024-02-23T09:01:46.208+0000] {subprocess.py:93} INFO - ***tmpoq1jvt5f
[2024-02-23T09:01:46.208+0000] {subprocess.py:93} INFO - pymp-xbf4flqk
[2024-02-23T09:01:46.209+0000] {subprocess.py:93} INFO - tmpusisi2io
[2024-02-23T09:01:46.209+0000] {subprocess.py:97} INFO - Command exited with return code 0
[2024-02-23T09:01:46.223+0000] {taskinstance.py:1323} INFO - Marking task as SUCCESS. dag_id=dag_v1, task_id=ls, execution_date=20240222T090000, start_date=20240223T090146, end_date=20240223T090146
[2024-02-23T09:01:46.264+0000] {local_task_job.py:208} INFO - Task exited with return code 0
[2024-02-23T09:01:46.274+0000] {taskinstance.py:2578} INFO - 0 downstream tasks scheduled from follow-on schedule check