[2024-02-23T09:01:44.986+0000] {taskinstance.py:1083} INFO - Dependencies all met for <TaskInstance: dag_v1.print_date scheduled__2024-02-22T09:00:00+00:00 [queued]>
[2024-02-23T09:01:44.991+0000] {taskinstance.py:1083} INFO - Dependencies all met for <TaskInstance: dag_v1.print_date scheduled__2024-02-22T09:00:00+00:00 [queued]>
[2024-02-23T09:01:44.991+0000] {taskinstance.py:1279} INFO - 
--------------------------------------------------------------------------------
[2024-02-23T09:01:44.991+0000] {taskinstance.py:1280} INFO - Starting attempt 1 of 2
[2024-02-23T09:01:44.991+0000] {taskinstance.py:1281} INFO - 
--------------------------------------------------------------------------------
[2024-02-23T09:01:44.997+0000] {taskinstance.py:1300} INFO - Executing <Task(BashOperator): print_date> on 2024-02-22 09:00:00+00:00
[2024-02-23T09:01:44.999+0000] {standard_task_runner.py:55} INFO - Started process 5816 to run task
[2024-02-23T09:01:45.001+0000] {standard_task_runner.py:82} INFO - Running: ['***', 'tasks', 'run', 'dag_v1', 'print_date', 'scheduled__2024-02-22T09:00:00+00:00', '--job-id', '7', '--raw', '--subdir', 'DAGS_FOLDER/TestDAG.py', '--cfg-path', '/tmp/tmp1f0kl72z']
[2024-02-23T09:01:45.002+0000] {standard_task_runner.py:83} INFO - Job 7: Subtask print_date
[2024-02-23T09:01:45.028+0000] {task_command.py:388} INFO - Running <TaskInstance: dag_v1.print_date scheduled__2024-02-22T09:00:00+00:00 [running]> on host 38f667ec91c9
[2024-02-23T09:01:45.060+0000] {taskinstance.py:1509} INFO - Exporting the following env vars:
AIRFLOW_CTX_DAG_EMAIL=keeyonghan@hotmail.com
AIRFLOW_CTX_DAG_OWNER=keeyong
AIRFLOW_CTX_DAG_ID=dag_v1
AIRFLOW_CTX_TASK_ID=print_date
AIRFLOW_CTX_EXECUTION_DATE=2024-02-22T09:00:00+00:00
AIRFLOW_CTX_TRY_NUMBER=1
AIRFLOW_CTX_DAG_RUN_ID=scheduled__2024-02-22T09:00:00+00:00
[2024-02-23T09:01:45.061+0000] {subprocess.py:63} INFO - Tmp dir root location: 
 /tmp
[2024-02-23T09:01:45.061+0000] {subprocess.py:75} INFO - Running command: ['/bin/bash', '-c', 'date']
[2024-02-23T09:01:45.066+0000] {subprocess.py:86} INFO - Output:
[2024-02-23T09:01:45.069+0000] {subprocess.py:93} INFO - Fri Feb 23 09:01:45 UTC 2024
[2024-02-23T09:01:45.069+0000] {subprocess.py:97} INFO - Command exited with return code 0
[2024-02-23T09:01:45.080+0000] {taskinstance.py:1323} INFO - Marking task as SUCCESS. dag_id=dag_v1, task_id=print_date, execution_date=20240222T090000, start_date=20240223T090144, end_date=20240223T090145
[2024-02-23T09:01:45.094+0000] {local_task_job.py:208} INFO - Task exited with return code 0
[2024-02-23T09:01:45.105+0000] {taskinstance.py:2578} INFO - 2 downstream tasks scheduled from follow-on schedule check
